d:\warheroes\dacia_engine_0.1v\libs\dacia.math\x64\release\vc140.pdb
d:\warheroes\dacia_engine_0.1v\libs\dacia.math\x64\release\windowsentrypoint.obj
d:\warheroes\dacia_engine_0.1v\libs\dacia.math\x64\release\vectorutil.obj
d:\warheroes\dacia_engine_0.1v\libs\dacia.math\x64\release\point.obj
d:\warheroes\dacia_engine_0.1v\libs\dacia.math\x64\release\bezierspline.obj
d:\warheroes\dacia_engine_0.1v\libs\dacia.math\x64\release\colors.obj
d:\warheroes\dacia_engine_0.1v\libs\dacia.math\x64\release\dacia.math.pdb
d:\warheroes\dacia_engine_0.1v\libs\dacia.math\x64\release\rectangle.obj
d:\warheroes\dacia_engine_0.1v\libs\dacia.math\x64\release\circle.obj
d:\warheroes\dacia_engine_0.1v\libs\dacia.math\x64\release\angle.obj
d:\warheroes\dacia_engine_0.1v\dacia_engine\x64\release\dacia.math.lib
d:\warheroes\dacia_engine_0.1v\dacia_engine\x64\release\dacia.math.exp
d:\warheroes\dacia_engine_0.1v\dacia_engine\x64\release\dacia.math.dll
d:\warheroes\dacia_engine_0.1v\dacia_engine\x64\release\dacia.math.pdb
d:\warheroes\dacia_engine_0.1v\libs\dacia.math\x64\release\dacia.math.tlog\cl.command.1.tlog
d:\warheroes\dacia_engine_0.1v\libs\dacia.math\x64\release\dacia.math.tlog\cl.read.1.tlog
d:\warheroes\dacia_engine_0.1v\libs\dacia.math\x64\release\dacia.math.tlog\cl.write.1.tlog
d:\warheroes\dacia_engine_0.1v\libs\dacia.math\x64\release\dacia.math.tlog\dacia.math.write.1u.tlog
d:\warheroes\dacia_engine_0.1v\libs\dacia.math\x64\release\dacia.math.tlog\lib-link.read.1.tlog
d:\warheroes\dacia_engine_0.1v\libs\dacia.math\x64\release\dacia.math.tlog\lib-link.write.1.tlog
d:\warheroes\dacia_engine_0.1v\libs\dacia.math\x64\release\dacia.math.tlog\lib.command.1.tlog
d:\warheroes\dacia_engine_0.1v\libs\dacia.math\x64\release\dacia.math.tlog\link.command.1.tlog
d:\warheroes\dacia_engine_0.1v\libs\dacia.math\x64\release\dacia.math.tlog\link.read.1.tlog
d:\warheroes\dacia_engine_0.1v\libs\dacia.math\x64\release\dacia.math.tlog\link.write.1.tlog
