d:\warheroes\dacia_engine_0.1v\dacia_engine\x64\release\vc140.pdb
d:\warheroes\dacia_engine_0.1v\dacia_engine\x64\release\glad.obj
d:\warheroes\dacia_engine_0.1v\dacia_engine\x64\release\engineutilities.obj
d:\warheroes\dacia_engine_0.1v\dacia_engine\x64\release\shadermanager.obj
d:\warheroes\dacia_engine_0.1v\dacia_engine\x64\release\resourcemanager.obj
d:\warheroes\dacia_engine_0.1v\dacia_engine\x64\release\memoryallocationtracker.obj
d:\warheroes\dacia_engine_0.1v\dacia_engine\x64\release\filemanager.obj
d:\warheroes\dacia_engine_0.1v\dacia_engine\x64\release\main.obj
d:\warheroes\dacia_engine_0.1v\dacia_engine\x64\release\glfwapp.obj
d:\warheroes\dacia_engine_0.1v\dacia_engine\x64\release\application.obj
d:\warheroes\dacia_engine_0.1v\dacia_engine\x64\release\logstream.obj
d:\warheroes\dacia_engine_0.1v\dacia_engine\x64\release\keyboardbuffer.obj
d:\warheroes\dacia_engine_0.1v\dacia_engine\x64\release\file.obj
d:\warheroes\dacia_engine_0.1v\dacia_engine\x64\release\shader.obj
d:\warheroes\dacia_engine_0.1v\dacia_engine\x64\release\renderer.obj
d:\warheroes\dacia_engine_0.1v\dacia_engine\x64\release\shaderopengl.obj
d:\warheroes\dacia_engine_0.1v\dacia_engine\x64\release\opengl_utils.obj
d:\warheroes\dacia_engine_0.1v\dacia_engine\x64\release\vertex.obj
d:\warheroes\dacia_engine_0.1v\dacia_engine\x64\release\driver.obj
d:\warheroes\dacia_engine_0.1v\dacia_engine\x64\release\engine.obj
d:\warheroes\dacia_engine_0.1v\dacia_engine\x64\release\gpubuffer.obj
d:\warheroes\dacia_engine_0.1v\dacia_engine\x64\release\gpuheaptracker.obj
d:\warheroes\dacia_engine_0.1v\dacia_engine\x64\release\dacia_engine.exe
d:\warheroes\dacia_engine_0.1v\dacia_engine\x64\release\dacia_engine.pdb
d:\warheroes\dacia_engine_0.1v\dacia_engine\x64\release\dacia_engine.vcxprojresolveassemblyreference.cache
d:\warheroes\dacia_engine_0.1v\dacia_engine\x64\release\aro.ipdb
d:\warheroes\dacia_engine_0.1v\dacia_engine\x64\release\dacia.math.ipdb
d:\warheroes\dacia_engine_0.1v\dacia_engine\x64\release\dacia_engine.ipdb
d:\warheroes\dacia_engine_0.1v\dacia_engine\x64\release\aro.iobj
d:\warheroes\dacia_engine_0.1v\dacia_engine\x64\release\dacia.math.iobj
d:\warheroes\dacia_engine_0.1v\dacia_engine\x64\release\dacia_engine.iobj
d:\warheroes\dacia_engine_0.1v\dacia_engine\x64\release\application.nativecodeanalysis.xml
d:\warheroes\dacia_engine_0.1v\dacia_engine\x64\release\driver.nativecodeanalysis.xml
d:\warheroes\dacia_engine_0.1v\dacia_engine\x64\release\engine.nativecodeanalysis.xml
d:\warheroes\dacia_engine_0.1v\dacia_engine\x64\release\engineutilities.nativecodeanalysis.xml
d:\warheroes\dacia_engine_0.1v\dacia_engine\x64\release\file.nativecodeanalysis.xml
d:\warheroes\dacia_engine_0.1v\dacia_engine\x64\release\filemanager.nativecodeanalysis.xml
d:\warheroes\dacia_engine_0.1v\dacia_engine\x64\release\glad.nativecodeanalysis.xml
d:\warheroes\dacia_engine_0.1v\dacia_engine\x64\release\glfwapp.nativecodeanalysis.xml
d:\warheroes\dacia_engine_0.1v\dacia_engine\x64\release\logstream.nativecodeanalysis.xml
d:\warheroes\dacia_engine_0.1v\dacia_engine\x64\release\main.nativecodeanalysis.xml
d:\warheroes\dacia_engine_0.1v\dacia_engine\x64\release\memoryallocationtracker.nativecodeanalysis.xml
d:\warheroes\dacia_engine_0.1v\dacia_engine\x64\release\opengl_utils.nativecodeanalysis.xml
d:\warheroes\dacia_engine_0.1v\dacia_engine\x64\release\renderer.nativecodeanalysis.xml
d:\warheroes\dacia_engine_0.1v\dacia_engine\x64\release\resourcemanager.nativecodeanalysis.xml
d:\warheroes\dacia_engine_0.1v\dacia_engine\x64\release\shader.nativecodeanalysis.xml
d:\warheroes\dacia_engine_0.1v\dacia_engine\x64\release\shadermanager.nativecodeanalysis.xml
d:\warheroes\dacia_engine_0.1v\dacia_engine\x64\release\shaderopengl.nativecodeanalysis.xml
d:\warheroes\dacia_engine_0.1v\dacia_engine\x64\release\vertex.nativecodeanalysis.xml
d:\warheroes\dacia_engine_0.1v\dacia_engine\x64\release\dacia_engine.tlog\cl.command.1.tlog
d:\warheroes\dacia_engine_0.1v\dacia_engine\x64\release\dacia_engine.tlog\cl.read.1.tlog
d:\warheroes\dacia_engine_0.1v\dacia_engine\x64\release\dacia_engine.tlog\cl.write.1.tlog
d:\warheroes\dacia_engine_0.1v\dacia_engine\x64\release\dacia_engine.tlog\link.command.1.tlog
d:\warheroes\dacia_engine_0.1v\dacia_engine\x64\release\dacia_engine.tlog\link.read.1.tlog
d:\warheroes\dacia_engine_0.1v\dacia_engine\x64\release\dacia_engine.tlog\link.write.1.tlog
