d:\warheroes\dacia_engine_0.1v\dacia_engine\x64\release\aro.lib
d:\warheroes\dacia_engine_0.1v\dacia_engine\x64\release\aro.exp
d:\warheroes\dacia_engine_0.1v\libs\aro\x64\release\aro.pdb
d:\warheroes\dacia_engine_0.1v\libs\aro\x64\release\windowsentrypoint.obj
d:\warheroes\dacia_engine_0.1v\libs\aro\x64\release\logstream.obj
d:\warheroes\dacia_engine_0.1v\libs\aro\x64\release\circularbuffer.obj
d:\warheroes\dacia_engine_0.1v\libs\aro\x64\release\stopwatch.obj
d:\warheroes\dacia_engine_0.1v\libs\aro\x64\release\fpscounter.obj
d:\warheroes\dacia_engine_0.1v\dacia_engine\x64\release\aro.dll
d:\warheroes\dacia_engine_0.1v\dacia_engine\x64\release\aro.pdb
d:\warheroes\dacia_engine_0.1v\libs\aro\x64\release\nativecodeanalysis.read.1.tlog
d:\warheroes\dacia_engine_0.1v\libs\aro\x64\release\vc140.pdb
d:\warheroes\dacia_engine_0.1v\libs\aro\x64\release\circularbuffer.nativecodeanalysis.xml
d:\warheroes\dacia_engine_0.1v\libs\aro\x64\release\fpscounter.nativecodeanalysis.xml
d:\warheroes\dacia_engine_0.1v\libs\aro\x64\release\logstream.nativecodeanalysis.xml
d:\warheroes\dacia_engine_0.1v\libs\aro\x64\release\stopwatch.nativecodeanalysis.xml
d:\warheroes\dacia_engine_0.1v\libs\aro\x64\release\vc.nativecodeanalysis.all.xml
d:\warheroes\dacia_engine_0.1v\libs\aro\x64\release\windowsentrypoint.nativecodeanalysis.xml
d:\warheroes\dacia_engine_0.1v\libs\aro\x64\release\aro.tlog\aro.write.1u.tlog
d:\warheroes\dacia_engine_0.1v\libs\aro\x64\release\aro.tlog\cl.command.1.tlog
d:\warheroes\dacia_engine_0.1v\libs\aro\x64\release\aro.tlog\cl.read.1.tlog
d:\warheroes\dacia_engine_0.1v\libs\aro\x64\release\aro.tlog\cl.write.1.tlog
d:\warheroes\dacia_engine_0.1v\libs\aro\x64\release\aro.tlog\lib-link.read.1.tlog
d:\warheroes\dacia_engine_0.1v\libs\aro\x64\release\aro.tlog\lib-link.write.1.tlog
d:\warheroes\dacia_engine_0.1v\libs\aro\x64\release\aro.tlog\lib.command.1.tlog
d:\warheroes\dacia_engine_0.1v\libs\aro\x64\release\aro.tlog\link.command.1.tlog
d:\warheroes\dacia_engine_0.1v\libs\aro\x64\release\aro.tlog\link.read.1.tlog
d:\warheroes\dacia_engine_0.1v\libs\aro\x64\release\aro.tlog\link.write.1.tlog
